# JRE version: OpenJDK Runtime Environment (11.0.11+9) (build 11.0.11+9-b60-7590822)
# Java VM: OpenJDK 64-Bit Server VM (11.0.11+9-b60-7590822, mixed mode, tiered, compressed oops, g1 gc, windows-amd64)
Heap:
 garbage-first heap   total 1064960K, used 396288K [0x0000000080000000, 0x0000000100000000)
  region size 1024K, 8 young (8192K), 8 survivors (8192K)
 Metaspace       used 89131K, capacity 91507K, committed 91724K, reserved 1128448K
  class space    used 11712K, capacity 12556K, committed 12672K, reserved 1048576K
GC Heap History (20 events):
Event: 30.825 GC heap after
{Heap after GC invocations=28 (full 0):
 garbage-first heap   total 256000K, used 208697K [0x0000000080000000, 0x0000000100000000)
  region size 1024K, 2 young (2048K), 2 survivors (2048K)
 Metaspace       used 86811K, capacity 89111K, committed 89420K, reserved 1126400K
  class space    used 11250K, capacity 12081K, committed 12160K, reserved 1048576K
}
Event: 30.945 GC heap before
{Heap before GC invocations=29 (full 0):
 garbage-first heap   total 256000K, used 220985K [0x0000000080000000, 0x0000000100000000)
  region size 1024K, 12 young (12288K), 2 survivors (2048K)
 Metaspace       used 86811K, capacity 89111K, committed 89420K, reserved 1126400K
  class space    used 11250K, capacity 12081K, committed 12160K, reserved 1048576K
}
Event: 30.973 GC heap after
{Heap after GC invocations=30 (full 0):
 garbage-first heap   total 256000K, used 215040K [0x0000000080000000, 0x0000000100000000)
  region size 1024K, 2 young (2048K), 2 survivors (2048K)
 Metaspace       used 86811K, capacity 89111K, committed 89420K, reserved 1126400K
  class space    used 11250K, capacity 12081K, committed 12160K, reserved 1048576K
}
Event: 30.981 GC heap before
{Heap before GC invocations=30 (full 0):
 garbage-first heap   total 256000K, used 215040K [0x0000000080000000, 0x0000000100000000)
  region size 1024K, 3 young (3072K), 2 survivors (2048K)
 Metaspace       used 86811K, capacity 89111K, committed 89420K, reserved 1126400K
  class space    used 11250K, capacity 12081K, committed 12160K, reserved 1048576K
}
Event: 30.995 GC heap after
{Heap after GC invocations=31 (full 0):
 garbage-first heap   total 307200K, used 216221K [0x0000000080000000, 0x0000000100000000)
  region size 1024K, 1 young (1024K), 1 survivors (1024K)
 Metaspace       used 86811K, capacity 89111K, committed 89420K, reserved 1126400K
  class space    used 11250K, capacity 12081K, committed 12160K, reserved 1048576K
}
Event: 31.334 GC heap before
{Heap before GC invocations=31 (full 0):
 garbage-first heap   total 307200K, used 241821K [0x0000000080000000, 0x0000000100000000)
  region size 1024K, 22 young (22528K), 1 survivors (1024K)
 Metaspace       used 86811K, capacity 89111K, committed 89420K, reserved 1126400K
  class space    used 11250K, capacity 12081K, committed 12160K, reserved 1048576K
}
Event: 31.366 GC heap after
{Heap after GC invocations=32 (full 0):
 garbage-first heap   total 307200K, used 229209K [0x0000000080000000, 0x0000000100000000)
  region size 1024K, 3 young (3072K), 3 survivors (3072K)
 Metaspace       used 86811K, capacity 89111K, committed 89420K, reserved 1126400K
  class space    used 11250K, capacity 12081K, committed 12160K, reserved 1048576K
}
Event: 31.516 GC heap before
{Heap before GC invocations=32 (full 0):
 garbage-first heap   total 307200K, used 247641K [0x0000000080000000, 0x0000000100000000)
  region size 1024K, 21 young (21504K), 3 survivors (3072K)
 Metaspace       used 86814K, capacity 89175K, committed 89420K, reserved 1126400K
  class space    used 11250K, capacity 12081K, committed 12160K, reserved 1048576K
}
Event: 31.562 GC heap after
{Heap after GC invocations=33 (full 0):
 garbage-first heap   total 307200K, used 239111K [0x0000000080000000, 0x0000000100000000)
  region size 1024K, 3 young (3072K), 3 survivors (3072K)
 Metaspace       used 86814K, capacity 89175K, committed 89420K, reserved 1126400K
  class space    used 11250K, capacity 12081K, committed 12160K, reserved 1048576K
}
Event: 31.696 GC heap before
{Heap before GC invocations=33 (full 0):
 garbage-first heap   total 307200K, used 255495K [0x0000000080000000, 0x0000000100000000)
  region size 1024K, 17 young (17408K), 3 survivors (3072K)
 Metaspace       used 86814K, capacity 89175K, committed 89420K, reserved 1126400K
  class space    used 11250K, capacity 12081K, committed 12160K, reserved 1048576K
}
Event: 31.741 GC heap after
{Heap after GC invocations=34 (full 0):
 garbage-first heap   total 307200K, used 249553K [0x0000000080000000, 0x0000000100000000)
  region size 1024K, 3 young (3072K), 3 survivors (3072K)
 Metaspace       used 86814K, capacity 89175K, committed 89420K, reserved 1126400K
  class space    used 11250K, capacity 12081K, committed 12160K, reserved 1048576K
}
Event: 32.011 GC heap before
{Heap before GC invocations=35 (full 0):
 garbage-first heap   total 307200K, used 261841K [0x0000000080000000, 0x0000000100000000)
  region size 1024K, 15 young (15360K), 3 survivors (3072K)
 Metaspace       used 88702K, capacity 91027K, committed 91212K, reserved 1128448K
  class space    used 11688K, capacity 12552K, committed 12672K, reserved 1048576K
}
Event: 32.049 GC heap after
{Heap after GC invocations=36 (full 0):
 garbage-first heap   total 561152K, used 253606K [0x0000000080000000, 0x0000000100000000)
  region size 1024K, 2 young (2048K), 2 survivors (2048K)
 Metaspace       used 88702K, capacity 91027K, committed 91212K, reserved 1128448K
  class space    used 11688K, capacity 12552K, committed 12672K, reserved 1048576K
}
Event: 33.070 GC heap before
{Heap before GC invocations=36 (full 0):
 garbage-first heap   total 561152K, used 340646K [0x0000000080000000, 0x0000000100000000)
  region size 1024K, 87 young (89088K), 2 survivors (2048K)
 Metaspace       used 89116K, capacity 91507K, committed 91724K, reserved 1128448K
  class space    used 11712K, capacity 12556K, committed 12672K, reserved 1048576K
}
Event: 33.165 GC heap after
{Heap after GC invocations=37 (full 0):
 garbage-first heap   total 561152K, used 297914K [0x0000000080000000, 0x0000000100000000)
  region size 1024K, 11 young (11264K), 11 survivors (11264K)
 Metaspace       used 89116K, capacity 91507K, committed 91724K, reserved 1128448K
  class space    used 11712K, capacity 12556K, committed 12672K, reserved 1048576K
}
Event: 33.731 GC heap before
{Heap before GC invocations=37 (full 0):
 garbage-first heap   total 561152K, used 374714K [0x0000000080000000, 0x0000000100000000)
  region size 1024K, 86 young (88064K), 11 survivors (11264K)
 Metaspace       used 89124K, capacity 91507K, committed 91724K, reserved 1128448K
  class space    used 11712K, capacity 12556K, committed 12672K, reserved 1048576K
}
Event: 33.865 GC heap after
{Heap after GC invocations=38 (full 0):
 garbage-first heap   total 561152K, used 336896K [0x0000000080000000, 0x0000000100000000)
  region size 1024K, 11 young (11264K), 11 survivors (11264K)
 Metaspace       used 89124K, capacity 91507K, committed 91724K, reserved 1128448K
  class space    used 11712K, capacity 12556K, committed 12672K, reserved 1048576K
}
Event: 34.735 GC heap before
{Heap before GC invocations=38 (full 0):
 garbage-first heap   total 561152K, used 402432K [0x0000000080000000, 0x0000000100000000)
  region size 1024K, 75 young (76800K), 11 survivors (11264K)
 Metaspace       used 89125K, capacity 91507K, committed 91724K, reserved 1128448K
  class space    used 11712K, capacity 12556K, committed 12672K, reserved 1048576K
}
Event: 34.833 GC heap after
{Heap after GC invocations=39 (full 0):
 garbage-first heap   total 561152K, used 370688K [0x0000000080000000, 0x0000000100000000)
  region size 1024K, 10 young (10240K), 10 survivors (10240K)
 Metaspace       used 89125K, capacity 91507K, committed 91724K, reserved 1128448K
  class space    used 11712K, capacity 12556K, committed 12672K, reserved 1048576K
}
Event: 35.505 GC heap before
{Heap before GC invocations=39 (full 0):
 garbage-first heap   total 561152K, used 420864K [0x0000000080000000, 0x0000000100000000)
  region size 1024K, 63 young (64512K), 10 survivors (10240K)
 Metaspace       used 89131K, capacity 91507K, committed 91724K, reserved 1128448K
  class space    used 11712K, capacity 12556K, committed 12672K, reserved 1048576K
}

